<?xml version="1.0" encoding="UTF-8"?>
<testsuite xmlns:xsi="http://www.w3.org/2001/XMLSchema-instance" xsi:noNamespaceSchemaLocation="https://maven.apache.org/surefire/maven-surefire-plugin/xsd/surefire-test-report-3.0.xsd" version="3.0" name="com.soitio.widgets.startup.test.WidgetStartupDevModeTest" time="3.454" tests="1" errors="0" skipped="0" failures="0">
  <properties>
    <property name="java.specification.version" value="21"/>
    <property name="sun.jnu.encoding" value="UTF-8"/>
    <property name="java.class.path" value="/home/maciek/Projects/erp/libs/widget-startup/deployment/target/test-classes:/home/maciek/Projects/erp/libs/widget-startup/deployment/target/classes:/home/maciek/.m2/repository/io/quarkus/quarkus-arc-deployment/3.12.0/quarkus-arc-deployment-3.12.0.jar:/home/maciek/.m2/repository/io/quarkus/quarkus-core-deployment/3.12.0/quarkus-core-deployment-3.12.0.jar:/home/maciek/.m2/repository/io/quarkus/quarkus-classloader-commons/3.12.0/quarkus-classloader-commons-3.12.0.jar:/home/maciek/.m2/repository/org/aesh/readline/2.4/readline-2.4.jar:/home/maciek/.m2/repository/org/fusesource/jansi/jansi/2.4.0/jansi-2.4.0.jar:/home/maciek/.m2/repository/org/aesh/aesh/2.7/aesh-2.7.jar:/home/maciek/.m2/repository/org/apache/commons/commons-lang3/3.14.0/commons-lang3-3.14.0.jar:/home/maciek/.m2/repository/org/wildfly/common/wildfly-common/1.7.0.Final/wildfly-common-1.7.0.Final.jar:/home/maciek/.m2/repository/io/quarkus/gizmo/gizmo/1.8.0/gizmo-1.8.0.jar:/home/maciek/.m2/repository/org/ow2/asm/asm-util/9.7/asm-util-9.7.jar:/home/maciek/.m2/repository/org/ow2/asm/asm-analysis/9.7/asm-analysis-9.7.jar:/home/maciek/.m2/repository/io/smallrye/jandex/3.2.0/jandex-3.2.0.jar:/home/maciek/.m2/repository/org/ow2/asm/asm/9.7/asm-9.7.jar:/home/maciek/.m2/repository/org/ow2/asm/asm-commons/9.7/asm-commons-9.7.jar:/home/maciek/.m2/repository/org/ow2/asm/asm-tree/9.7/asm-tree-9.7.jar:/home/maciek/.m2/repository/io/quarkus/quarkus-development-mode-spi/3.12.0/quarkus-development-mode-spi-3.12.0.jar:/home/maciek/.m2/repository/io/quarkus/quarkus-hibernate-validator-spi/3.12.0/quarkus-hibernate-validator-spi-3.12.0.jar:/home/maciek/.m2/repository/io/quarkus/quarkus-class-change-agent/3.12.0/quarkus-class-change-agent-3.12.0.jar:/home/maciek/.m2/repository/io/quarkus/quarkus-bootstrap-core/3.12.0/quarkus-bootstrap-core-3.12.0.jar:/home/maciek/.m2/repository/io/quarkus/quarkus-bootstrap-app-model/3.12.0/quarkus-bootstrap-app-model-3.12.0.jar:/home/maciek/.m2/repository/io/smallrye/common/smallrye-common-io/2.3.0/smallrye-common-io-2.3.0.jar:/home/maciek/.m2/repository/org/eclipse/sisu/org.eclipse.sisu.inject/0.9.0.M2/org.eclipse.sisu.inject-0.9.0.M2.jar:/home/maciek/.m2/repository/io/quarkus/quarkus-builder/3.12.0/quarkus-builder-3.12.0.jar:/home/maciek/.m2/repository/org/graalvm/sdk/nativeimage/23.1.2/nativeimage-23.1.2.jar:/home/maciek/.m2/repository/org/graalvm/sdk/word/23.1.2/word-23.1.2.jar:/home/maciek/.m2/repository/org/junit/platform/junit-platform-launcher/1.10.2/junit-platform-launcher-1.10.2.jar:/home/maciek/.m2/repository/org/junit/jupiter/junit-jupiter/5.10.2/junit-jupiter-5.10.2.jar:/home/maciek/.m2/repository/io/quarkus/quarkus-smallrye-context-propagation-spi/3.12.0/quarkus-smallrye-context-propagation-spi-3.12.0.jar:/home/maciek/.m2/repository/org/eclipse/microprofile/context-propagation/microprofile-context-propagation-api/1.3/microprofile-context-propagation-api-1.3.jar:/home/maciek/.m2/repository/io/quarkus/quarkus-vertx-http-dev-ui-spi/3.12.0/quarkus-vertx-http-dev-ui-spi-3.12.0.jar:/home/maciek/.m2/repository/io/quarkus/quarkus-arc/3.12.0/quarkus-arc-3.12.0.jar:/home/maciek/.m2/repository/io/quarkus/arc/arc/3.12.0/arc-3.12.0.jar:/home/maciek/.m2/repository/jakarta/transaction/jakarta.transaction-api/2.0.1/jakarta.transaction-api-2.0.1.jar:/home/maciek/.m2/repository/io/smallrye/reactive/mutiny/2.6.0/mutiny-2.6.0.jar:/home/maciek/.m2/repository/io/smallrye/common/smallrye-common-annotation/2.3.0/smallrye-common-annotation-2.3.0.jar:/home/maciek/.m2/repository/org/jctools/jctools-core/4.0.3/jctools-core-4.0.3.jar:/home/maciek/.m2/repository/io/quarkus/arc/arc-processor/3.12.0/arc-processor-3.12.0.jar:/home/maciek/.m2/repository/org/jboss/logging/jboss-logging/3.6.0.Final/jboss-logging-3.6.0.Final.jar:/home/maciek/.m2/repository/jakarta/annotation/jakarta.annotation-api/3.0.0/jakarta.annotation-api-3.0.0.jar:/home/maciek/.m2/repository/io/quarkus/quarkus-arc-test-supplement/3.12.0/quarkus-arc-test-supplement-3.12.0.jar:/home/maciek/Projects/erp/libs/widget-startup/runtime/target/widget-startup-1.0.0-SNAPSHOT.jar:/home/maciek/.m2/repository/io/quarkus/quarkus-rest-client-jackson/3.12.0/quarkus-rest-client-jackson-3.12.0.jar:/home/maciek/.m2/repository/io/quarkus/resteasy/reactive/resteasy-reactive-jackson/3.12.0/resteasy-reactive-jackson-3.12.0.jar:/home/maciek/.m2/repository/io/quarkus/resteasy/reactive/resteasy-reactive/3.12.0/resteasy-reactive-3.12.0.jar:/home/maciek/.m2/repository/io/quarkus/resteasy/reactive/resteasy-reactive-common/3.12.0/resteasy-reactive-common-3.12.0.jar:/home/maciek/.m2/repository/io/quarkus/resteasy/reactive/resteasy-reactive-common-types/3.12.0/resteasy-reactive-common-types-3.12.0.jar:/home/maciek/.m2/repository/org/reactivestreams/reactive-streams/1.0.4/reactive-streams-1.0.4.jar:/home/maciek/.m2/repository/io/smallrye/reactive/mutiny-zero-flow-adapters/1.1.0/mutiny-zero-flow-adapters-1.1.0.jar:/home/maciek/.m2/repository/jakarta/ws/rs/jakarta.ws.rs-api/3.1.0/jakarta.ws.rs-api-3.1.0.jar:/home/maciek/.m2/repository/com/fasterxml/jackson/core/jackson-databind/2.17.1/jackson-databind-2.17.1.jar:/home/maciek/.m2/repository/com/fasterxml/jackson/core/jackson-annotations/2.17.1/jackson-annotations-2.17.1.jar:/home/maciek/.m2/repository/com/fasterxml/jackson/core/jackson-core/2.17.1/jackson-core-2.17.1.jar:/home/maciek/.m2/repository/jakarta/xml/bind/jakarta.xml.bind-api/4.0.2/jakarta.xml.bind-api-4.0.2.jar:/home/maciek/.m2/repository/jakarta/activation/jakarta.activation-api/2.1.3/jakarta.activation-api-2.1.3.jar:/home/maciek/.m2/repository/io/quarkus/quarkus-rest-jackson-common/3.12.0/quarkus-rest-jackson-common-3.12.0.jar:/home/maciek/.m2/repository/io/quarkus/quarkus-rest-common/3.12.0/quarkus-rest-common-3.12.0.jar:/home/maciek/.m2/repository/io/quarkus/quarkus-mutiny/3.12.0/quarkus-mutiny-3.12.0.jar:/home/maciek/.m2/repository/io/quarkus/quarkus-smallrye-context-propagation/3.12.0/quarkus-smallrye-context-propagation-3.12.0.jar:/home/maciek/.m2/repository/io/smallrye/smallrye-context-propagation/2.1.2/smallrye-context-propagation-2.1.2.jar:/home/maciek/.m2/repository/io/smallrye/smallrye-context-propagation-api/2.1.2/smallrye-context-propagation-api-2.1.2.jar:/home/maciek/.m2/repository/io/smallrye/smallrye-context-propagation-storage/2.1.2/smallrye-context-propagation-storage-2.1.2.jar:/home/maciek/.m2/repository/io/smallrye/reactive/mutiny-smallrye-context-propagation/2.6.0/mutiny-smallrye-context-propagation-2.6.0.jar:/home/maciek/.m2/repository/io/quarkus/quarkus-vertx/3.12.0/quarkus-vertx-3.12.0.jar:/home/maciek/.m2/repository/io/quarkus/quarkus-netty/3.12.0/quarkus-netty-3.12.0.jar:/home/maciek/.m2/repository/io/netty/netty-codec/4.1.108.Final/netty-codec-4.1.108.Final.jar:/home/maciek/.m2/repository/io/netty/netty-codec-http/4.1.108.Final/netty-codec-http-4.1.108.Final.jar:/home/maciek/.m2/repository/io/netty/netty-codec-http2/4.1.108.Final/netty-codec-http2-4.1.108.Final.jar:/home/maciek/.m2/repository/io/netty/netty-handler/4.1.108.Final/netty-handler-4.1.108.Final.jar:/home/maciek/.m2/repository/io/netty/netty-transport-native-unix-common/4.1.108.Final/netty-transport-native-unix-common-4.1.108.Final.jar:/home/maciek/.m2/repository/com/aayushatharva/brotli4j/brotli4j/1.16.0/brotli4j-1.16.0.jar:/home/maciek/.m2/repository/com/aayushatharva/brotli4j/service/1.16.0/service-1.16.0.jar:/home/maciek/.m2/repository/com/aayushatharva/brotli4j/native-linux-x86_64/1.16.0/native-linux-x86_64-1.16.0.jar:/home/maciek/.m2/repository/io/netty/netty-codec-haproxy/4.1.108.Final/netty-codec-haproxy-4.1.108.Final.jar:/home/maciek/.m2/repository/io/netty/netty-buffer/4.1.108.Final/netty-buffer-4.1.108.Final.jar:/home/maciek/.m2/repository/io/netty/netty-transport/4.1.108.Final/netty-transport-4.1.108.Final.jar:/home/maciek/.m2/repository/io/smallrye/common/smallrye-common-vertx-context/2.3.0/smallrye-common-vertx-context-2.3.0.jar:/home/maciek/.m2/repository/io/quarkus/quarkus-virtual-threads/3.12.0/quarkus-virtual-threads-3.12.0.jar:/home/maciek/.m2/repository/io/quarkus/quarkus-vertx-latebound-mdc-provider/3.12.0/quarkus-vertx-latebound-mdc-provider-3.12.0.jar:/home/maciek/.m2/repository/io/smallrye/reactive/smallrye-mutiny-vertx-core/3.12.0/smallrye-mutiny-vertx-core-3.12.0.jar:/home/maciek/.m2/repository/io/smallrye/reactive/smallrye-mutiny-vertx-runtime/3.12.0/smallrye-mutiny-vertx-runtime-3.12.0.jar:/home/maciek/.m2/repository/io/smallrye/reactive/vertx-mutiny-generator/3.12.0/vertx-mutiny-generator-3.12.0.jar:/home/maciek/.m2/repository/io/vertx/vertx-codegen/4.5.7/vertx-codegen-4.5.7.jar:/home/maciek/.m2/repository/io/smallrye/smallrye-fault-tolerance-vertx/6.3.0/smallrye-fault-tolerance-vertx-6.3.0.jar:/home/maciek/.m2/repository/io/quarkus/quarkus-jackson/3.12.0/quarkus-jackson-3.12.0.jar:/home/maciek/.m2/repository/com/fasterxml/jackson/datatype/jackson-datatype-jsr310/2.17.1/jackson-datatype-jsr310-2.17.1.jar:/home/maciek/.m2/repository/com/fasterxml/jackson/datatype/jackson-datatype-jdk8/2.17.1/jackson-datatype-jdk8-2.17.1.jar:/home/maciek/.m2/repository/com/fasterxml/jackson/module/jackson-module-parameter-names/2.17.1/jackson-module-parameter-names-2.17.1.jar:/home/maciek/.m2/repository/io/quarkus/quarkus-jsonp/3.12.0/quarkus-jsonp-3.12.0.jar:/home/maciek/.m2/repository/io/quarkus/quarkus-rest-client/3.12.0/quarkus-rest-client-3.12.0.jar:/home/maciek/.m2/repository/io/quarkus/quarkus-rest-client-jaxrs/3.12.0/quarkus-rest-client-jaxrs-3.12.0.jar:/home/maciek/.m2/repository/io/quarkus/resteasy/reactive/resteasy-reactive-client/3.12.0/resteasy-reactive-client-3.12.0.jar:/home/maciek/.m2/repository/io/vertx/vertx-core/4.5.7/vertx-core-4.5.7.jar:/home/maciek/.m2/repository/io/netty/netty-common/4.1.108.Final/netty-common-4.1.108.Final.jar:/home/maciek/.m2/repository/io/netty/netty-handler-proxy/4.1.108.Final/netty-handler-proxy-4.1.108.Final.jar:/home/maciek/.m2/repository/io/netty/netty-codec-socks/4.1.108.Final/netty-codec-socks-4.1.108.Final.jar:/home/maciek/.m2/repository/io/netty/netty-resolver/4.1.108.Final/netty-resolver-4.1.108.Final.jar:/home/maciek/.m2/repository/io/netty/netty-resolver-dns/4.1.108.Final/netty-resolver-dns-4.1.108.Final.jar:/home/maciek/.m2/repository/io/netty/netty-codec-dns/4.1.108.Final/netty-codec-dns-4.1.108.Final.jar:/home/maciek/.m2/repository/io/vertx/vertx-web-client/4.5.7/vertx-web-client-4.5.7.jar:/home/maciek/.m2/repository/io/vertx/vertx-uri-template/4.5.7/vertx-uri-template-4.5.7.jar:/home/maciek/.m2/repository/io/vertx/vertx-web-common/4.5.7/vertx-web-common-4.5.7.jar:/home/maciek/.m2/repository/io/vertx/vertx-auth-common/4.5.7/vertx-auth-common-4.5.7.jar:/home/maciek/.m2/repository/io/quarkus/quarkus-smallrye-stork/3.12.0/quarkus-smallrye-stork-3.12.0.jar:/home/maciek/.m2/repository/io/quarkus/quarkus-rest-client-config/3.12.0/quarkus-rest-client-config-3.12.0.jar:/home/maciek/.m2/repository/io/quarkus/quarkus-tls-registry/3.12.0/quarkus-tls-registry-3.12.0.jar:/home/maciek/.m2/repository/io/quarkus/quarkus-credentials/3.12.0/quarkus-credentials-3.12.0.jar:/home/maciek/.m2/repository/io/smallrye/stork/stork-api/2.6.0/stork-api-2.6.0.jar:/home/maciek/.m2/repository/io/smallrye/stork/stork-core/2.6.0/stork-core-2.6.0.jar:/home/maciek/.m2/repository/org/eclipse/microprofile/rest/client/microprofile-rest-client-api/3.0.1/microprofile-rest-client-api-3.0.1.jar:/home/maciek/.m2/repository/com/soitio/widgets/widget-commons/1.0.0/widget-commons-1.0.0.jar:/home/maciek/.m2/repository/io/quarkus/quarkus-rest-client-jackson-deployment/3.12.0/quarkus-rest-client-jackson-deployment-3.12.0.jar:/home/maciek/.m2/repository/io/quarkus/quarkus-rest-jackson-common-deployment/3.12.0/quarkus-rest-jackson-common-deployment-3.12.0.jar:/home/maciek/.m2/repository/io/quarkus/quarkus-rest-common-deployment/3.12.0/quarkus-rest-common-deployment-3.12.0.jar:/home/maciek/.m2/repository/io/quarkus/resteasy/reactive/resteasy-reactive-common-processor/3.12.0/resteasy-reactive-common-processor-3.12.0.jar:/home/maciek/.m2/repository/io/quarkus/quarkus-vertx-deployment/3.12.0/quarkus-vertx-deployment-3.12.0.jar:/home/maciek/.m2/repository/io/quarkus/quarkus-netty-deployment/3.12.0/quarkus-netty-deployment-3.12.0.jar:/home/maciek/.m2/repository/io/vertx/vertx-web/4.5.7/vertx-web-4.5.7.jar:/home/maciek/.m2/repository/io/vertx/vertx-bridge-common/4.5.7/vertx-bridge-common-4.5.7.jar:/home/maciek/.m2/repository/io/quarkus/quarkus-virtual-threads-deployment/3.12.0/quarkus-virtual-threads-deployment-3.12.0.jar:/home/maciek/.m2/repository/io/quarkus/quarkus-vertx-deployment-spi/3.12.0/quarkus-vertx-deployment-spi-3.12.0.jar:/home/maciek/.m2/repository/io/quarkus/quarkus-mutiny-deployment/3.12.0/quarkus-mutiny-deployment-3.12.0.jar:/home/maciek/.m2/repository/io/quarkus/quarkus-smallrye-context-propagation-deployment/3.12.0/quarkus-smallrye-context-propagation-deployment-3.12.0.jar:/home/maciek/.m2/repository/io/quarkus/quarkus-rest-spi-deployment/3.12.0/quarkus-rest-spi-deployment-3.12.0.jar:/home/maciek/.m2/repository/io/quarkus/quarkus-security-spi/3.12.0/quarkus-security-spi-3.12.0.jar:/home/maciek/.m2/repository/io/quarkus/security/quarkus-security/2.1.0/quarkus-security-2.1.0.jar:/home/maciek/.m2/repository/io/quarkus/quarkus-jsonp-deployment/3.12.0/quarkus-jsonp-deployment-3.12.0.jar:/home/maciek/.m2/repository/io/quarkus/quarkus-jackson-deployment/3.12.0/quarkus-jackson-deployment-3.12.0.jar:/home/maciek/.m2/repository/io/quarkus/quarkus-jackson-spi/3.12.0/quarkus-jackson-spi-3.12.0.jar:/home/maciek/.m2/repository/io/quarkus/quarkus-rest-client-deployment/3.12.0/quarkus-rest-client-deployment-3.12.0.jar:/home/maciek/.m2/repository/io/quarkus/quarkus-rest-client-spi-deployment/3.12.0/quarkus-rest-client-spi-deployment-3.12.0.jar:/home/maciek/.m2/repository/io/quarkus/quarkus-rest-client-jaxrs-deployment/3.12.0/quarkus-rest-client-jaxrs-deployment-3.12.0.jar:/home/maciek/.m2/repository/io/quarkus/resteasy/reactive/resteasy-reactive-client-processor/3.12.0/resteasy-reactive-client-processor-3.12.0.jar:/home/maciek/.m2/repository/io/quarkus/quarkus-smallrye-stork-deployment/3.12.0/quarkus-smallrye-stork-deployment-3.12.0.jar:/home/maciek/.m2/repository/io/quarkus/quarkus-rest-client-config-deployment/3.12.0/quarkus-rest-client-config-deployment-3.12.0.jar:/home/maciek/.m2/repository/io/quarkus/quarkus-tls-registry-deployment/3.12.0/quarkus-tls-registry-deployment-3.12.0.jar:/home/maciek/.m2/repository/io/quarkus/quarkus-credentials-deployment/3.12.0/quarkus-credentials-deployment-3.12.0.jar:/home/maciek/.m2/repository/io/quarkus/quarkus-junit5-internal/3.12.0/quarkus-junit5-internal-3.12.0.jar:/home/maciek/.m2/repository/org/jboss/shrinkwrap/shrinkwrap-api/1.2.6/shrinkwrap-api-1.2.6.jar:/home/maciek/.m2/repository/org/jboss/shrinkwrap/shrinkwrap-spi/1.2.6/shrinkwrap-spi-1.2.6.jar:/home/maciek/.m2/repository/org/jboss/shrinkwrap/shrinkwrap-impl-base/1.2.6/shrinkwrap-impl-base-1.2.6.jar:/home/maciek/.m2/repository/org/junit/jupiter/junit-jupiter-api/5.10.2/junit-jupiter-api-5.10.2.jar:/home/maciek/.m2/repository/org/opentest4j/opentest4j/1.3.0/opentest4j-1.3.0.jar:/home/maciek/.m2/repository/org/junit/platform/junit-platform-commons/1.10.2/junit-platform-commons-1.10.2.jar:/home/maciek/.m2/repository/org/apiguardian/apiguardian-api/1.1.2/apiguardian-api-1.1.2.jar:/home/maciek/.m2/repository/org/junit/jupiter/junit-jupiter-params/5.10.2/junit-jupiter-params-5.10.2.jar:/home/maciek/.m2/repository/org/junit/jupiter/junit-jupiter-engine/5.10.2/junit-jupiter-engine-5.10.2.jar:/home/maciek/.m2/repository/org/junit/platform/junit-platform-engine/1.10.2/junit-platform-engine-1.10.2.jar:/home/maciek/.m2/repository/io/quarkus/quarkus-core/3.12.0/quarkus-core-3.12.0.jar:/home/maciek/.m2/repository/jakarta/inject/jakarta.inject-api/2.0.1/jakarta.inject-api-2.0.1.jar:/home/maciek/.m2/repository/io/smallrye/common/smallrye-common-os/2.3.0/smallrye-common-os-2.3.0.jar:/home/maciek/.m2/repository/io/quarkus/quarkus-ide-launcher/3.12.0/quarkus-ide-launcher-3.12.0.jar:/home/maciek/.m2/repository/io/smallrye/config/smallrye-config/3.8.2/smallrye-config-3.8.2.jar:/home/maciek/.m2/repository/io/smallrye/config/smallrye-config-core/3.8.2/smallrye-config-core-3.8.2.jar:/home/maciek/.m2/repository/org/eclipse/microprofile/config/microprofile-config-api/3.1/microprofile-config-api-3.1.jar:/home/maciek/.m2/repository/io/smallrye/common/smallrye-common-classloader/2.3.0/smallrye-common-classloader-2.3.0.jar:/home/maciek/.m2/repository/io/smallrye/config/smallrye-config-common/3.8.2/smallrye-config-common-3.8.2.jar:/home/maciek/.m2/repository/org/jboss/logmanager/jboss-logmanager/3.0.6.Final/jboss-logmanager-3.0.6.Final.jar:/home/maciek/.m2/repository/io/smallrye/common/smallrye-common-constraint/2.3.0/smallrye-common-constraint-2.3.0.jar:/home/maciek/.m2/repository/io/smallrye/common/smallrye-common-cpu/2.3.0/smallrye-common-cpu-2.3.0.jar:/home/maciek/.m2/repository/io/smallrye/common/smallrye-common-expression/2.3.0/smallrye-common-expression-2.3.0.jar:/home/maciek/.m2/repository/io/smallrye/common/smallrye-common-function/2.3.0/smallrye-common-function-2.3.0.jar:/home/maciek/.m2/repository/io/smallrye/common/smallrye-common-net/2.3.0/smallrye-common-net-2.3.0.jar:/home/maciek/.m2/repository/io/smallrye/common/smallrye-common-ref/2.3.0/smallrye-common-ref-2.3.0.jar:/home/maciek/.m2/repository/jakarta/json/jakarta.json-api/2.1.3/jakarta.json-api-2.1.3.jar:/home/maciek/.m2/repository/org/eclipse/parsson/parsson/1.1.6/parsson-1.1.6.jar:/home/maciek/.m2/repository/org/jboss/logging/jboss-logging-annotations/2.2.1.Final/jboss-logging-annotations-2.2.1.Final.jar:/home/maciek/.m2/repository/org/jboss/threads/jboss-threads/3.6.1.Final/jboss-threads-3.6.1.Final.jar:/home/maciek/.m2/repository/org/slf4j/slf4j-api/2.0.6/slf4j-api-2.0.6.jar:/home/maciek/.m2/repository/org/jboss/slf4j/slf4j-jboss-logmanager/2.0.0.Final/slf4j-jboss-logmanager-2.0.0.Final.jar:/home/maciek/.m2/repository/io/quarkus/quarkus-bootstrap-runner/3.12.0/quarkus-bootstrap-runner-3.12.0.jar:/home/maciek/.m2/repository/io/github/crac/org-crac/0.1.3/org-crac-0.1.3.jar:/home/maciek/.m2/repository/io/quarkus/quarkus-fs-util/0.0.10/quarkus-fs-util-0.0.10.jar:/home/maciek/.m2/repository/io/quarkus/quarkus-test-common/3.12.0/quarkus-test-common-3.12.0.jar:/home/maciek/.m2/repository/io/quarkus/quarkus-bootstrap-maven-resolver/3.12.0/quarkus-bootstrap-maven-resolver-3.12.0.jar:/home/maciek/.m2/repository/io/smallrye/beanbag/smallrye-beanbag-maven/1.5.2/smallrye-beanbag-maven-1.5.2.jar:/home/maciek/.m2/repository/io/smallrye/beanbag/smallrye-beanbag-sisu/1.5.2/smallrye-beanbag-sisu-1.5.2.jar:/home/maciek/.m2/repository/io/smallrye/beanbag/smallrye-beanbag/1.5.2/smallrye-beanbag-1.5.2.jar:/home/maciek/.m2/repository/commons-codec/commons-codec/1.17.0/commons-codec-1.17.0.jar:/home/maciek/.m2/repository/javax/inject/javax.inject/1/javax.inject-1.jar:/home/maciek/.m2/repository/org/apache/httpcomponents/httpclient/4.5.14/httpclient-4.5.14.jar:/home/maciek/.m2/repository/org/apache/httpcomponents/httpcore/4.4.16/httpcore-4.4.16.jar:/home/maciek/.m2/repository/org/apache/maven/maven-artifact/3.9.7/maven-artifact-3.9.7.jar:/home/maciek/.m2/repository/org/apache/maven/maven-builder-support/3.9.7/maven-builder-support-3.9.7.jar:/home/maciek/.m2/repository/org/apache/maven/maven-model/3.9.7/maven-model-3.9.7.jar:/home/maciek/.m2/repository/org/apache/maven/maven-model-builder/3.9.7/maven-model-builder-3.9.7.jar:/home/maciek/.m2/repository/org/apache/maven/maven-repository-metadata/3.9.7/maven-repository-metadata-3.9.7.jar:/home/maciek/.m2/repository/org/apache/maven/maven-settings/3.9.7/maven-settings-3.9.7.jar:/home/maciek/.m2/repository/org/apache/maven/resolver/maven-resolver-api/1.9.20/maven-resolver-api-1.9.20.jar:/home/maciek/.m2/repository/org/apache/maven/resolver/maven-resolver-impl/1.9.20/maven-resolver-impl-1.9.20.jar:/home/maciek/.m2/repository/org/apache/maven/resolver/maven-resolver-named-locks/1.9.20/maven-resolver-named-locks-1.9.20.jar:/home/maciek/.m2/repository/org/apache/maven/resolver/maven-resolver-spi/1.9.20/maven-resolver-spi-1.9.20.jar:/home/maciek/.m2/repository/org/apache/maven/resolver/maven-resolver-util/1.9.20/maven-resolver-util-1.9.20.jar:/home/maciek/.m2/repository/org/apache/maven/resolver/maven-resolver-transport-http/1.9.20/maven-resolver-transport-http-1.9.20.jar:/home/maciek/.m2/repository/org/apache/maven/wagon/wagon-provider-api/3.5.3/wagon-provider-api-3.5.3.jar:/home/maciek/.m2/repository/org/apache/maven/wagon/wagon-http-shared/3.5.3/wagon-http-shared-3.5.3.jar:/home/maciek/.m2/repository/org/codehaus/plexus/plexus-interpolation/1.26/plexus-interpolation-1.26.jar:/home/maciek/.m2/repository/org/codehaus/plexus/plexus-utils/3.5.1/plexus-utils-3.5.1.jar:/home/maciek/.m2/repository/org/codehaus/plexus/plexus-xml/4.0.1/plexus-xml-4.0.1.jar:/home/maciek/.m2/repository/org/apache/maven/maven-xml-impl/4.0.0-alpha-5/maven-xml-impl-4.0.0-alpha-5.jar:/home/maciek/.m2/repository/org/apache/maven/maven-api-xml/4.0.0-alpha-5/maven-api-xml-4.0.0-alpha-5.jar:/home/maciek/.m2/repository/org/apache/maven/maven-api-meta/4.0.0-alpha-5/maven-api-meta-4.0.0-alpha-5.jar:/home/maciek/.m2/repository/org/codehaus/plexus/plexus-cipher/2.0/plexus-cipher-2.0.jar:/home/maciek/.m2/repository/org/codehaus/plexus/plexus-sec-dispatcher/2.0/plexus-sec-dispatcher-2.0.jar:/home/maciek/.m2/repository/org/apache/maven/maven-embedder/3.9.7/maven-embedder-3.9.7.jar:/home/maciek/.m2/repository/org/apache/maven/maven-core/3.9.7/maven-core-3.9.7.jar:/home/maciek/.m2/repository/org/codehaus/plexus/plexus-component-annotations/2.1.0/plexus-component-annotations-2.1.0.jar:/home/maciek/.m2/repository/org/apache/maven/maven-plugin-api/3.9.7/maven-plugin-api-3.9.7.jar:/home/maciek/.m2/repository/org/apache/maven/shared/maven-shared-utils/3.4.2/maven-shared-utils-3.4.2.jar:/home/maciek/.m2/repository/com/google/inject/guice/5.1.0/guice-5.1.0.jar:/home/maciek/.m2/repository/aopalliance/aopalliance/1.0/aopalliance-1.0.jar:/home/maciek/.m2/repository/com/google/guava/guava/33.2.1-jre/guava-33.2.1-jre.jar:/home/maciek/.m2/repository/com/google/guava/failureaccess/1.0.1/failureaccess-1.0.1.jar:/home/maciek/.m2/repository/javax/annotation/javax.annotation-api/1.3.2/javax.annotation-api-1.3.2.jar:/home/maciek/.m2/repository/org/codehaus/plexus/plexus-classworlds/2.6.0/plexus-classworlds-2.6.0.jar:/home/maciek/.m2/repository/commons-cli/commons-cli/1.7.0/commons-cli-1.7.0.jar:/home/maciek/.m2/repository/org/eclipse/sisu/org.eclipse.sisu.plexus/0.9.0.M2/org.eclipse.sisu.plexus-0.9.0.M2.jar:/home/maciek/.m2/repository/org/apache/maven/maven-settings-builder/3.9.7/maven-settings-builder-3.9.7.jar:/home/maciek/.m2/repository/org/apache/maven/maven-resolver-provider/3.9.7/maven-resolver-provider-3.9.7.jar:/home/maciek/.m2/repository/org/apache/maven/resolver/maven-resolver-connector-basic/1.9.20/maven-resolver-connector-basic-1.9.20.jar:/home/maciek/.m2/repository/org/apache/maven/resolver/maven-resolver-transport-wagon/1.9.20/maven-resolver-transport-wagon-1.9.20.jar:/home/maciek/.m2/repository/org/apache/maven/wagon/wagon-http/3.5.3/wagon-http-3.5.3.jar:/home/maciek/.m2/repository/org/apache/maven/wagon/wagon-file/3.5.3/wagon-file-3.5.3.jar:/home/maciek/.m2/repository/io/quarkus/quarkus-bootstrap-gradle-resolver/3.12.0/quarkus-bootstrap-gradle-resolver-3.12.0.jar:/home/maciek/.m2/repository/commons-io/commons-io/2.16.1/commons-io-2.16.1.jar:/home/maciek/.m2/repository/org/jboss/logging/commons-logging-jboss-logging/1.0.0.Final/commons-logging-jboss-logging-1.0.0.Final.jar:/home/maciek/.m2/repository/jakarta/enterprise/jakarta.enterprise.cdi-api/4.1.0/jakarta.enterprise.cdi-api-4.1.0.jar:/home/maciek/.m2/repository/jakarta/enterprise/jakarta.enterprise.lang-model/4.1.0/jakarta.enterprise.lang-model-4.1.0.jar:/home/maciek/.m2/repository/jakarta/el/jakarta.el-api/5.0.1/jakarta.el-api-5.0.1.jar:/home/maciek/.m2/repository/jakarta/interceptor/jakarta.interceptor-api/2.2.0/jakarta.interceptor-api-2.2.0.jar:/home/maciek/.m2/repository/io/quarkus/quarkus-devtools-utilities/3.12.0/quarkus-devtools-utilities-3.12.0.jar:/home/maciek/.m2/repository/org/awaitility/awaitility/4.2.1/awaitility-4.2.1.jar:/home/maciek/.m2/repository/org/hamcrest/hamcrest/2.2/hamcrest-2.2.jar:"/>
    <property name="java.vm.vendor" value="Red Hat, Inc."/>
    <property name="sun.arch.data.model" value="64"/>
    <property name="java.vendor.url" value="https://www.redhat.com/"/>
    <property name="user.timezone" value="Europe/Warsaw"/>
    <property name="logging.initial-configurator.min-level" value="500"/>
    <property name="os.name" value="Linux"/>
    <property name="java.vm.specification.version" value="21"/>
    <property name="sun.java.launcher" value="SUN_STANDARD"/>
    <property name="user.country" value="US"/>
    <property name="groovy.use.classvalue" value="false"/>
    <property name="sun.boot.library.path" value="/usr/lib/jvm/java-21-openjdk-21.0.3.0.9-1.fc39.x86_64/lib"/>
    <property name="sun.java.command" value="/home/maciek/Projects/erp/libs/widget-startup/deployment/target/surefire/surefirebooter-20240704190620198_3.jar /home/maciek/Projects/erp/libs/widget-startup/deployment/target/surefire 2024-07-04T19-06-19_575-jvmRun1 surefire-20240704190620198_1tmp surefire_0-20240704190620198_2tmp"/>
    <property name="jdk.debug" value="release"/>
    <property name="maven.home" value="/usr/share/maven"/>
    <property name="surefire.test.class.path" value="/home/maciek/Projects/erp/libs/widget-startup/deployment/target/test-classes:/home/maciek/Projects/erp/libs/widget-startup/deployment/target/classes:/home/maciek/.m2/repository/io/quarkus/quarkus-arc-deployment/3.12.0/quarkus-arc-deployment-3.12.0.jar:/home/maciek/.m2/repository/io/quarkus/quarkus-core-deployment/3.12.0/quarkus-core-deployment-3.12.0.jar:/home/maciek/.m2/repository/io/quarkus/quarkus-classloader-commons/3.12.0/quarkus-classloader-commons-3.12.0.jar:/home/maciek/.m2/repository/org/aesh/readline/2.4/readline-2.4.jar:/home/maciek/.m2/repository/org/fusesource/jansi/jansi/2.4.0/jansi-2.4.0.jar:/home/maciek/.m2/repository/org/aesh/aesh/2.7/aesh-2.7.jar:/home/maciek/.m2/repository/org/apache/commons/commons-lang3/3.14.0/commons-lang3-3.14.0.jar:/home/maciek/.m2/repository/org/wildfly/common/wildfly-common/1.7.0.Final/wildfly-common-1.7.0.Final.jar:/home/maciek/.m2/repository/io/quarkus/gizmo/gizmo/1.8.0/gizmo-1.8.0.jar:/home/maciek/.m2/repository/org/ow2/asm/asm-util/9.7/asm-util-9.7.jar:/home/maciek/.m2/repository/org/ow2/asm/asm-analysis/9.7/asm-analysis-9.7.jar:/home/maciek/.m2/repository/io/smallrye/jandex/3.2.0/jandex-3.2.0.jar:/home/maciek/.m2/repository/org/ow2/asm/asm/9.7/asm-9.7.jar:/home/maciek/.m2/repository/org/ow2/asm/asm-commons/9.7/asm-commons-9.7.jar:/home/maciek/.m2/repository/org/ow2/asm/asm-tree/9.7/asm-tree-9.7.jar:/home/maciek/.m2/repository/io/quarkus/quarkus-development-mode-spi/3.12.0/quarkus-development-mode-spi-3.12.0.jar:/home/maciek/.m2/repository/io/quarkus/quarkus-hibernate-validator-spi/3.12.0/quarkus-hibernate-validator-spi-3.12.0.jar:/home/maciek/.m2/repository/io/quarkus/quarkus-class-change-agent/3.12.0/quarkus-class-change-agent-3.12.0.jar:/home/maciek/.m2/repository/io/quarkus/quarkus-bootstrap-core/3.12.0/quarkus-bootstrap-core-3.12.0.jar:/home/maciek/.m2/repository/io/quarkus/quarkus-bootstrap-app-model/3.12.0/quarkus-bootstrap-app-model-3.12.0.jar:/home/maciek/.m2/repository/io/smallrye/common/smallrye-common-io/2.3.0/smallrye-common-io-2.3.0.jar:/home/maciek/.m2/repository/org/eclipse/sisu/org.eclipse.sisu.inject/0.9.0.M2/org.eclipse.sisu.inject-0.9.0.M2.jar:/home/maciek/.m2/repository/io/quarkus/quarkus-builder/3.12.0/quarkus-builder-3.12.0.jar:/home/maciek/.m2/repository/org/graalvm/sdk/nativeimage/23.1.2/nativeimage-23.1.2.jar:/home/maciek/.m2/repository/org/graalvm/sdk/word/23.1.2/word-23.1.2.jar:/home/maciek/.m2/repository/org/junit/platform/junit-platform-launcher/1.10.2/junit-platform-launcher-1.10.2.jar:/home/maciek/.m2/repository/org/junit/jupiter/junit-jupiter/5.10.2/junit-jupiter-5.10.2.jar:/home/maciek/.m2/repository/io/quarkus/quarkus-smallrye-context-propagation-spi/3.12.0/quarkus-smallrye-context-propagation-spi-3.12.0.jar:/home/maciek/.m2/repository/org/eclipse/microprofile/context-propagation/microprofile-context-propagation-api/1.3/microprofile-context-propagation-api-1.3.jar:/home/maciek/.m2/repository/io/quarkus/quarkus-vertx-http-dev-ui-spi/3.12.0/quarkus-vertx-http-dev-ui-spi-3.12.0.jar:/home/maciek/.m2/repository/io/quarkus/quarkus-arc/3.12.0/quarkus-arc-3.12.0.jar:/home/maciek/.m2/repository/io/quarkus/arc/arc/3.12.0/arc-3.12.0.jar:/home/maciek/.m2/repository/jakarta/transaction/jakarta.transaction-api/2.0.1/jakarta.transaction-api-2.0.1.jar:/home/maciek/.m2/repository/io/smallrye/reactive/mutiny/2.6.0/mutiny-2.6.0.jar:/home/maciek/.m2/repository/io/smallrye/common/smallrye-common-annotation/2.3.0/smallrye-common-annotation-2.3.0.jar:/home/maciek/.m2/repository/org/jctools/jctools-core/4.0.3/jctools-core-4.0.3.jar:/home/maciek/.m2/repository/io/quarkus/arc/arc-processor/3.12.0/arc-processor-3.12.0.jar:/home/maciek/.m2/repository/org/jboss/logging/jboss-logging/3.6.0.Final/jboss-logging-3.6.0.Final.jar:/home/maciek/.m2/repository/jakarta/annotation/jakarta.annotation-api/3.0.0/jakarta.annotation-api-3.0.0.jar:/home/maciek/.m2/repository/io/quarkus/quarkus-arc-test-supplement/3.12.0/quarkus-arc-test-supplement-3.12.0.jar:/home/maciek/Projects/erp/libs/widget-startup/runtime/target/widget-startup-1.0.0-SNAPSHOT.jar:/home/maciek/.m2/repository/io/quarkus/quarkus-rest-client-jackson/3.12.0/quarkus-rest-client-jackson-3.12.0.jar:/home/maciek/.m2/repository/io/quarkus/resteasy/reactive/resteasy-reactive-jackson/3.12.0/resteasy-reactive-jackson-3.12.0.jar:/home/maciek/.m2/repository/io/quarkus/resteasy/reactive/resteasy-reactive/3.12.0/resteasy-reactive-3.12.0.jar:/home/maciek/.m2/repository/io/quarkus/resteasy/reactive/resteasy-reactive-common/3.12.0/resteasy-reactive-common-3.12.0.jar:/home/maciek/.m2/repository/io/quarkus/resteasy/reactive/resteasy-reactive-common-types/3.12.0/resteasy-reactive-common-types-3.12.0.jar:/home/maciek/.m2/repository/org/reactivestreams/reactive-streams/1.0.4/reactive-streams-1.0.4.jar:/home/maciek/.m2/repository/io/smallrye/reactive/mutiny-zero-flow-adapters/1.1.0/mutiny-zero-flow-adapters-1.1.0.jar:/home/maciek/.m2/repository/jakarta/ws/rs/jakarta.ws.rs-api/3.1.0/jakarta.ws.rs-api-3.1.0.jar:/home/maciek/.m2/repository/com/fasterxml/jackson/core/jackson-databind/2.17.1/jackson-databind-2.17.1.jar:/home/maciek/.m2/repository/com/fasterxml/jackson/core/jackson-annotations/2.17.1/jackson-annotations-2.17.1.jar:/home/maciek/.m2/repository/com/fasterxml/jackson/core/jackson-core/2.17.1/jackson-core-2.17.1.jar:/home/maciek/.m2/repository/jakarta/xml/bind/jakarta.xml.bind-api/4.0.2/jakarta.xml.bind-api-4.0.2.jar:/home/maciek/.m2/repository/jakarta/activation/jakarta.activation-api/2.1.3/jakarta.activation-api-2.1.3.jar:/home/maciek/.m2/repository/io/quarkus/quarkus-rest-jackson-common/3.12.0/quarkus-rest-jackson-common-3.12.0.jar:/home/maciek/.m2/repository/io/quarkus/quarkus-rest-common/3.12.0/quarkus-rest-common-3.12.0.jar:/home/maciek/.m2/repository/io/quarkus/quarkus-mutiny/3.12.0/quarkus-mutiny-3.12.0.jar:/home/maciek/.m2/repository/io/quarkus/quarkus-smallrye-context-propagation/3.12.0/quarkus-smallrye-context-propagation-3.12.0.jar:/home/maciek/.m2/repository/io/smallrye/smallrye-context-propagation/2.1.2/smallrye-context-propagation-2.1.2.jar:/home/maciek/.m2/repository/io/smallrye/smallrye-context-propagation-api/2.1.2/smallrye-context-propagation-api-2.1.2.jar:/home/maciek/.m2/repository/io/smallrye/smallrye-context-propagation-storage/2.1.2/smallrye-context-propagation-storage-2.1.2.jar:/home/maciek/.m2/repository/io/smallrye/reactive/mutiny-smallrye-context-propagation/2.6.0/mutiny-smallrye-context-propagation-2.6.0.jar:/home/maciek/.m2/repository/io/quarkus/quarkus-vertx/3.12.0/quarkus-vertx-3.12.0.jar:/home/maciek/.m2/repository/io/quarkus/quarkus-netty/3.12.0/quarkus-netty-3.12.0.jar:/home/maciek/.m2/repository/io/netty/netty-codec/4.1.108.Final/netty-codec-4.1.108.Final.jar:/home/maciek/.m2/repository/io/netty/netty-codec-http/4.1.108.Final/netty-codec-http-4.1.108.Final.jar:/home/maciek/.m2/repository/io/netty/netty-codec-http2/4.1.108.Final/netty-codec-http2-4.1.108.Final.jar:/home/maciek/.m2/repository/io/netty/netty-handler/4.1.108.Final/netty-handler-4.1.108.Final.jar:/home/maciek/.m2/repository/io/netty/netty-transport-native-unix-common/4.1.108.Final/netty-transport-native-unix-common-4.1.108.Final.jar:/home/maciek/.m2/repository/com/aayushatharva/brotli4j/brotli4j/1.16.0/brotli4j-1.16.0.jar:/home/maciek/.m2/repository/com/aayushatharva/brotli4j/service/1.16.0/service-1.16.0.jar:/home/maciek/.m2/repository/com/aayushatharva/brotli4j/native-linux-x86_64/1.16.0/native-linux-x86_64-1.16.0.jar:/home/maciek/.m2/repository/io/netty/netty-codec-haproxy/4.1.108.Final/netty-codec-haproxy-4.1.108.Final.jar:/home/maciek/.m2/repository/io/netty/netty-buffer/4.1.108.Final/netty-buffer-4.1.108.Final.jar:/home/maciek/.m2/repository/io/netty/netty-transport/4.1.108.Final/netty-transport-4.1.108.Final.jar:/home/maciek/.m2/repository/io/smallrye/common/smallrye-common-vertx-context/2.3.0/smallrye-common-vertx-context-2.3.0.jar:/home/maciek/.m2/repository/io/quarkus/quarkus-virtual-threads/3.12.0/quarkus-virtual-threads-3.12.0.jar:/home/maciek/.m2/repository/io/quarkus/quarkus-vertx-latebound-mdc-provider/3.12.0/quarkus-vertx-latebound-mdc-provider-3.12.0.jar:/home/maciek/.m2/repository/io/smallrye/reactive/smallrye-mutiny-vertx-core/3.12.0/smallrye-mutiny-vertx-core-3.12.0.jar:/home/maciek/.m2/repository/io/smallrye/reactive/smallrye-mutiny-vertx-runtime/3.12.0/smallrye-mutiny-vertx-runtime-3.12.0.jar:/home/maciek/.m2/repository/io/smallrye/reactive/vertx-mutiny-generator/3.12.0/vertx-mutiny-generator-3.12.0.jar:/home/maciek/.m2/repository/io/vertx/vertx-codegen/4.5.7/vertx-codegen-4.5.7.jar:/home/maciek/.m2/repository/io/smallrye/smallrye-fault-tolerance-vertx/6.3.0/smallrye-fault-tolerance-vertx-6.3.0.jar:/home/maciek/.m2/repository/io/quarkus/quarkus-jackson/3.12.0/quarkus-jackson-3.12.0.jar:/home/maciek/.m2/repository/com/fasterxml/jackson/datatype/jackson-datatype-jsr310/2.17.1/jackson-datatype-jsr310-2.17.1.jar:/home/maciek/.m2/repository/com/fasterxml/jackson/datatype/jackson-datatype-jdk8/2.17.1/jackson-datatype-jdk8-2.17.1.jar:/home/maciek/.m2/repository/com/fasterxml/jackson/module/jackson-module-parameter-names/2.17.1/jackson-module-parameter-names-2.17.1.jar:/home/maciek/.m2/repository/io/quarkus/quarkus-jsonp/3.12.0/quarkus-jsonp-3.12.0.jar:/home/maciek/.m2/repository/io/quarkus/quarkus-rest-client/3.12.0/quarkus-rest-client-3.12.0.jar:/home/maciek/.m2/repository/io/quarkus/quarkus-rest-client-jaxrs/3.12.0/quarkus-rest-client-jaxrs-3.12.0.jar:/home/maciek/.m2/repository/io/quarkus/resteasy/reactive/resteasy-reactive-client/3.12.0/resteasy-reactive-client-3.12.0.jar:/home/maciek/.m2/repository/io/vertx/vertx-core/4.5.7/vertx-core-4.5.7.jar:/home/maciek/.m2/repository/io/netty/netty-common/4.1.108.Final/netty-common-4.1.108.Final.jar:/home/maciek/.m2/repository/io/netty/netty-handler-proxy/4.1.108.Final/netty-handler-proxy-4.1.108.Final.jar:/home/maciek/.m2/repository/io/netty/netty-codec-socks/4.1.108.Final/netty-codec-socks-4.1.108.Final.jar:/home/maciek/.m2/repository/io/netty/netty-resolver/4.1.108.Final/netty-resolver-4.1.108.Final.jar:/home/maciek/.m2/repository/io/netty/netty-resolver-dns/4.1.108.Final/netty-resolver-dns-4.1.108.Final.jar:/home/maciek/.m2/repository/io/netty/netty-codec-dns/4.1.108.Final/netty-codec-dns-4.1.108.Final.jar:/home/maciek/.m2/repository/io/vertx/vertx-web-client/4.5.7/vertx-web-client-4.5.7.jar:/home/maciek/.m2/repository/io/vertx/vertx-uri-template/4.5.7/vertx-uri-template-4.5.7.jar:/home/maciek/.m2/repository/io/vertx/vertx-web-common/4.5.7/vertx-web-common-4.5.7.jar:/home/maciek/.m2/repository/io/vertx/vertx-auth-common/4.5.7/vertx-auth-common-4.5.7.jar:/home/maciek/.m2/repository/io/quarkus/quarkus-smallrye-stork/3.12.0/quarkus-smallrye-stork-3.12.0.jar:/home/maciek/.m2/repository/io/quarkus/quarkus-rest-client-config/3.12.0/quarkus-rest-client-config-3.12.0.jar:/home/maciek/.m2/repository/io/quarkus/quarkus-tls-registry/3.12.0/quarkus-tls-registry-3.12.0.jar:/home/maciek/.m2/repository/io/quarkus/quarkus-credentials/3.12.0/quarkus-credentials-3.12.0.jar:/home/maciek/.m2/repository/io/smallrye/stork/stork-api/2.6.0/stork-api-2.6.0.jar:/home/maciek/.m2/repository/io/smallrye/stork/stork-core/2.6.0/stork-core-2.6.0.jar:/home/maciek/.m2/repository/org/eclipse/microprofile/rest/client/microprofile-rest-client-api/3.0.1/microprofile-rest-client-api-3.0.1.jar:/home/maciek/.m2/repository/com/soitio/widgets/widget-commons/1.0.0/widget-commons-1.0.0.jar:/home/maciek/.m2/repository/io/quarkus/quarkus-rest-client-jackson-deployment/3.12.0/quarkus-rest-client-jackson-deployment-3.12.0.jar:/home/maciek/.m2/repository/io/quarkus/quarkus-rest-jackson-common-deployment/3.12.0/quarkus-rest-jackson-common-deployment-3.12.0.jar:/home/maciek/.m2/repository/io/quarkus/quarkus-rest-common-deployment/3.12.0/quarkus-rest-common-deployment-3.12.0.jar:/home/maciek/.m2/repository/io/quarkus/resteasy/reactive/resteasy-reactive-common-processor/3.12.0/resteasy-reactive-common-processor-3.12.0.jar:/home/maciek/.m2/repository/io/quarkus/quarkus-vertx-deployment/3.12.0/quarkus-vertx-deployment-3.12.0.jar:/home/maciek/.m2/repository/io/quarkus/quarkus-netty-deployment/3.12.0/quarkus-netty-deployment-3.12.0.jar:/home/maciek/.m2/repository/io/vertx/vertx-web/4.5.7/vertx-web-4.5.7.jar:/home/maciek/.m2/repository/io/vertx/vertx-bridge-common/4.5.7/vertx-bridge-common-4.5.7.jar:/home/maciek/.m2/repository/io/quarkus/quarkus-virtual-threads-deployment/3.12.0/quarkus-virtual-threads-deployment-3.12.0.jar:/home/maciek/.m2/repository/io/quarkus/quarkus-vertx-deployment-spi/3.12.0/quarkus-vertx-deployment-spi-3.12.0.jar:/home/maciek/.m2/repository/io/quarkus/quarkus-mutiny-deployment/3.12.0/quarkus-mutiny-deployment-3.12.0.jar:/home/maciek/.m2/repository/io/quarkus/quarkus-smallrye-context-propagation-deployment/3.12.0/quarkus-smallrye-context-propagation-deployment-3.12.0.jar:/home/maciek/.m2/repository/io/quarkus/quarkus-rest-spi-deployment/3.12.0/quarkus-rest-spi-deployment-3.12.0.jar:/home/maciek/.m2/repository/io/quarkus/quarkus-security-spi/3.12.0/quarkus-security-spi-3.12.0.jar:/home/maciek/.m2/repository/io/quarkus/security/quarkus-security/2.1.0/quarkus-security-2.1.0.jar:/home/maciek/.m2/repository/io/quarkus/quarkus-jsonp-deployment/3.12.0/quarkus-jsonp-deployment-3.12.0.jar:/home/maciek/.m2/repository/io/quarkus/quarkus-jackson-deployment/3.12.0/quarkus-jackson-deployment-3.12.0.jar:/home/maciek/.m2/repository/io/quarkus/quarkus-jackson-spi/3.12.0/quarkus-jackson-spi-3.12.0.jar:/home/maciek/.m2/repository/io/quarkus/quarkus-rest-client-deployment/3.12.0/quarkus-rest-client-deployment-3.12.0.jar:/home/maciek/.m2/repository/io/quarkus/quarkus-rest-client-spi-deployment/3.12.0/quarkus-rest-client-spi-deployment-3.12.0.jar:/home/maciek/.m2/repository/io/quarkus/quarkus-rest-client-jaxrs-deployment/3.12.0/quarkus-rest-client-jaxrs-deployment-3.12.0.jar:/home/maciek/.m2/repository/io/quarkus/resteasy/reactive/resteasy-reactive-client-processor/3.12.0/resteasy-reactive-client-processor-3.12.0.jar:/home/maciek/.m2/repository/io/quarkus/quarkus-smallrye-stork-deployment/3.12.0/quarkus-smallrye-stork-deployment-3.12.0.jar:/home/maciek/.m2/repository/io/quarkus/quarkus-rest-client-config-deployment/3.12.0/quarkus-rest-client-config-deployment-3.12.0.jar:/home/maciek/.m2/repository/io/quarkus/quarkus-tls-registry-deployment/3.12.0/quarkus-tls-registry-deployment-3.12.0.jar:/home/maciek/.m2/repository/io/quarkus/quarkus-credentials-deployment/3.12.0/quarkus-credentials-deployment-3.12.0.jar:/home/maciek/.m2/repository/io/quarkus/quarkus-junit5-internal/3.12.0/quarkus-junit5-internal-3.12.0.jar:/home/maciek/.m2/repository/org/jboss/shrinkwrap/shrinkwrap-api/1.2.6/shrinkwrap-api-1.2.6.jar:/home/maciek/.m2/repository/org/jboss/shrinkwrap/shrinkwrap-spi/1.2.6/shrinkwrap-spi-1.2.6.jar:/home/maciek/.m2/repository/org/jboss/shrinkwrap/shrinkwrap-impl-base/1.2.6/shrinkwrap-impl-base-1.2.6.jar:/home/maciek/.m2/repository/org/junit/jupiter/junit-jupiter-api/5.10.2/junit-jupiter-api-5.10.2.jar:/home/maciek/.m2/repository/org/opentest4j/opentest4j/1.3.0/opentest4j-1.3.0.jar:/home/maciek/.m2/repository/org/junit/platform/junit-platform-commons/1.10.2/junit-platform-commons-1.10.2.jar:/home/maciek/.m2/repository/org/apiguardian/apiguardian-api/1.1.2/apiguardian-api-1.1.2.jar:/home/maciek/.m2/repository/org/junit/jupiter/junit-jupiter-params/5.10.2/junit-jupiter-params-5.10.2.jar:/home/maciek/.m2/repository/org/junit/jupiter/junit-jupiter-engine/5.10.2/junit-jupiter-engine-5.10.2.jar:/home/maciek/.m2/repository/org/junit/platform/junit-platform-engine/1.10.2/junit-platform-engine-1.10.2.jar:/home/maciek/.m2/repository/io/quarkus/quarkus-core/3.12.0/quarkus-core-3.12.0.jar:/home/maciek/.m2/repository/jakarta/inject/jakarta.inject-api/2.0.1/jakarta.inject-api-2.0.1.jar:/home/maciek/.m2/repository/io/smallrye/common/smallrye-common-os/2.3.0/smallrye-common-os-2.3.0.jar:/home/maciek/.m2/repository/io/quarkus/quarkus-ide-launcher/3.12.0/quarkus-ide-launcher-3.12.0.jar:/home/maciek/.m2/repository/io/smallrye/config/smallrye-config/3.8.2/smallrye-config-3.8.2.jar:/home/maciek/.m2/repository/io/smallrye/config/smallrye-config-core/3.8.2/smallrye-config-core-3.8.2.jar:/home/maciek/.m2/repository/org/eclipse/microprofile/config/microprofile-config-api/3.1/microprofile-config-api-3.1.jar:/home/maciek/.m2/repository/io/smallrye/common/smallrye-common-classloader/2.3.0/smallrye-common-classloader-2.3.0.jar:/home/maciek/.m2/repository/io/smallrye/config/smallrye-config-common/3.8.2/smallrye-config-common-3.8.2.jar:/home/maciek/.m2/repository/org/jboss/logmanager/jboss-logmanager/3.0.6.Final/jboss-logmanager-3.0.6.Final.jar:/home/maciek/.m2/repository/io/smallrye/common/smallrye-common-constraint/2.3.0/smallrye-common-constraint-2.3.0.jar:/home/maciek/.m2/repository/io/smallrye/common/smallrye-common-cpu/2.3.0/smallrye-common-cpu-2.3.0.jar:/home/maciek/.m2/repository/io/smallrye/common/smallrye-common-expression/2.3.0/smallrye-common-expression-2.3.0.jar:/home/maciek/.m2/repository/io/smallrye/common/smallrye-common-function/2.3.0/smallrye-common-function-2.3.0.jar:/home/maciek/.m2/repository/io/smallrye/common/smallrye-common-net/2.3.0/smallrye-common-net-2.3.0.jar:/home/maciek/.m2/repository/io/smallrye/common/smallrye-common-ref/2.3.0/smallrye-common-ref-2.3.0.jar:/home/maciek/.m2/repository/jakarta/json/jakarta.json-api/2.1.3/jakarta.json-api-2.1.3.jar:/home/maciek/.m2/repository/org/eclipse/parsson/parsson/1.1.6/parsson-1.1.6.jar:/home/maciek/.m2/repository/org/jboss/logging/jboss-logging-annotations/2.2.1.Final/jboss-logging-annotations-2.2.1.Final.jar:/home/maciek/.m2/repository/org/jboss/threads/jboss-threads/3.6.1.Final/jboss-threads-3.6.1.Final.jar:/home/maciek/.m2/repository/org/slf4j/slf4j-api/2.0.6/slf4j-api-2.0.6.jar:/home/maciek/.m2/repository/org/jboss/slf4j/slf4j-jboss-logmanager/2.0.0.Final/slf4j-jboss-logmanager-2.0.0.Final.jar:/home/maciek/.m2/repository/io/quarkus/quarkus-bootstrap-runner/3.12.0/quarkus-bootstrap-runner-3.12.0.jar:/home/maciek/.m2/repository/io/github/crac/org-crac/0.1.3/org-crac-0.1.3.jar:/home/maciek/.m2/repository/io/quarkus/quarkus-fs-util/0.0.10/quarkus-fs-util-0.0.10.jar:/home/maciek/.m2/repository/io/quarkus/quarkus-test-common/3.12.0/quarkus-test-common-3.12.0.jar:/home/maciek/.m2/repository/io/quarkus/quarkus-bootstrap-maven-resolver/3.12.0/quarkus-bootstrap-maven-resolver-3.12.0.jar:/home/maciek/.m2/repository/io/smallrye/beanbag/smallrye-beanbag-maven/1.5.2/smallrye-beanbag-maven-1.5.2.jar:/home/maciek/.m2/repository/io/smallrye/beanbag/smallrye-beanbag-sisu/1.5.2/smallrye-beanbag-sisu-1.5.2.jar:/home/maciek/.m2/repository/io/smallrye/beanbag/smallrye-beanbag/1.5.2/smallrye-beanbag-1.5.2.jar:/home/maciek/.m2/repository/commons-codec/commons-codec/1.17.0/commons-codec-1.17.0.jar:/home/maciek/.m2/repository/javax/inject/javax.inject/1/javax.inject-1.jar:/home/maciek/.m2/repository/org/apache/httpcomponents/httpclient/4.5.14/httpclient-4.5.14.jar:/home/maciek/.m2/repository/org/apache/httpcomponents/httpcore/4.4.16/httpcore-4.4.16.jar:/home/maciek/.m2/repository/org/apache/maven/maven-artifact/3.9.7/maven-artifact-3.9.7.jar:/home/maciek/.m2/repository/org/apache/maven/maven-builder-support/3.9.7/maven-builder-support-3.9.7.jar:/home/maciek/.m2/repository/org/apache/maven/maven-model/3.9.7/maven-model-3.9.7.jar:/home/maciek/.m2/repository/org/apache/maven/maven-model-builder/3.9.7/maven-model-builder-3.9.7.jar:/home/maciek/.m2/repository/org/apache/maven/maven-repository-metadata/3.9.7/maven-repository-metadata-3.9.7.jar:/home/maciek/.m2/repository/org/apache/maven/maven-settings/3.9.7/maven-settings-3.9.7.jar:/home/maciek/.m2/repository/org/apache/maven/resolver/maven-resolver-api/1.9.20/maven-resolver-api-1.9.20.jar:/home/maciek/.m2/repository/org/apache/maven/resolver/maven-resolver-impl/1.9.20/maven-resolver-impl-1.9.20.jar:/home/maciek/.m2/repository/org/apache/maven/resolver/maven-resolver-named-locks/1.9.20/maven-resolver-named-locks-1.9.20.jar:/home/maciek/.m2/repository/org/apache/maven/resolver/maven-resolver-spi/1.9.20/maven-resolver-spi-1.9.20.jar:/home/maciek/.m2/repository/org/apache/maven/resolver/maven-resolver-util/1.9.20/maven-resolver-util-1.9.20.jar:/home/maciek/.m2/repository/org/apache/maven/resolver/maven-resolver-transport-http/1.9.20/maven-resolver-transport-http-1.9.20.jar:/home/maciek/.m2/repository/org/apache/maven/wagon/wagon-provider-api/3.5.3/wagon-provider-api-3.5.3.jar:/home/maciek/.m2/repository/org/apache/maven/wagon/wagon-http-shared/3.5.3/wagon-http-shared-3.5.3.jar:/home/maciek/.m2/repository/org/codehaus/plexus/plexus-interpolation/1.26/plexus-interpolation-1.26.jar:/home/maciek/.m2/repository/org/codehaus/plexus/plexus-utils/3.5.1/plexus-utils-3.5.1.jar:/home/maciek/.m2/repository/org/codehaus/plexus/plexus-xml/4.0.1/plexus-xml-4.0.1.jar:/home/maciek/.m2/repository/org/apache/maven/maven-xml-impl/4.0.0-alpha-5/maven-xml-impl-4.0.0-alpha-5.jar:/home/maciek/.m2/repository/org/apache/maven/maven-api-xml/4.0.0-alpha-5/maven-api-xml-4.0.0-alpha-5.jar:/home/maciek/.m2/repository/org/apache/maven/maven-api-meta/4.0.0-alpha-5/maven-api-meta-4.0.0-alpha-5.jar:/home/maciek/.m2/repository/org/codehaus/plexus/plexus-cipher/2.0/plexus-cipher-2.0.jar:/home/maciek/.m2/repository/org/codehaus/plexus/plexus-sec-dispatcher/2.0/plexus-sec-dispatcher-2.0.jar:/home/maciek/.m2/repository/org/apache/maven/maven-embedder/3.9.7/maven-embedder-3.9.7.jar:/home/maciek/.m2/repository/org/apache/maven/maven-core/3.9.7/maven-core-3.9.7.jar:/home/maciek/.m2/repository/org/codehaus/plexus/plexus-component-annotations/2.1.0/plexus-component-annotations-2.1.0.jar:/home/maciek/.m2/repository/org/apache/maven/maven-plugin-api/3.9.7/maven-plugin-api-3.9.7.jar:/home/maciek/.m2/repository/org/apache/maven/shared/maven-shared-utils/3.4.2/maven-shared-utils-3.4.2.jar:/home/maciek/.m2/repository/com/google/inject/guice/5.1.0/guice-5.1.0.jar:/home/maciek/.m2/repository/aopalliance/aopalliance/1.0/aopalliance-1.0.jar:/home/maciek/.m2/repository/com/google/guava/guava/33.2.1-jre/guava-33.2.1-jre.jar:/home/maciek/.m2/repository/com/google/guava/failureaccess/1.0.1/failureaccess-1.0.1.jar:/home/maciek/.m2/repository/javax/annotation/javax.annotation-api/1.3.2/javax.annotation-api-1.3.2.jar:/home/maciek/.m2/repository/org/codehaus/plexus/plexus-classworlds/2.6.0/plexus-classworlds-2.6.0.jar:/home/maciek/.m2/repository/commons-cli/commons-cli/1.7.0/commons-cli-1.7.0.jar:/home/maciek/.m2/repository/org/eclipse/sisu/org.eclipse.sisu.plexus/0.9.0.M2/org.eclipse.sisu.plexus-0.9.0.M2.jar:/home/maciek/.m2/repository/org/apache/maven/maven-settings-builder/3.9.7/maven-settings-builder-3.9.7.jar:/home/maciek/.m2/repository/org/apache/maven/maven-resolver-provider/3.9.7/maven-resolver-provider-3.9.7.jar:/home/maciek/.m2/repository/org/apache/maven/resolver/maven-resolver-connector-basic/1.9.20/maven-resolver-connector-basic-1.9.20.jar:/home/maciek/.m2/repository/org/apache/maven/resolver/maven-resolver-transport-wagon/1.9.20/maven-resolver-transport-wagon-1.9.20.jar:/home/maciek/.m2/repository/org/apache/maven/wagon/wagon-http/3.5.3/wagon-http-3.5.3.jar:/home/maciek/.m2/repository/org/apache/maven/wagon/wagon-file/3.5.3/wagon-file-3.5.3.jar:/home/maciek/.m2/repository/io/quarkus/quarkus-bootstrap-gradle-resolver/3.12.0/quarkus-bootstrap-gradle-resolver-3.12.0.jar:/home/maciek/.m2/repository/commons-io/commons-io/2.16.1/commons-io-2.16.1.jar:/home/maciek/.m2/repository/org/jboss/logging/commons-logging-jboss-logging/1.0.0.Final/commons-logging-jboss-logging-1.0.0.Final.jar:/home/maciek/.m2/repository/jakarta/enterprise/jakarta.enterprise.cdi-api/4.1.0/jakarta.enterprise.cdi-api-4.1.0.jar:/home/maciek/.m2/repository/jakarta/enterprise/jakarta.enterprise.lang-model/4.1.0/jakarta.enterprise.lang-model-4.1.0.jar:/home/maciek/.m2/repository/jakarta/el/jakarta.el-api/5.0.1/jakarta.el-api-5.0.1.jar:/home/maciek/.m2/repository/jakarta/interceptor/jakarta.interceptor-api/2.2.0/jakarta.interceptor-api-2.2.0.jar:/home/maciek/.m2/repository/io/quarkus/quarkus-devtools-utilities/3.12.0/quarkus-devtools-utilities-3.12.0.jar:/home/maciek/.m2/repository/org/awaitility/awaitility/4.2.1/awaitility-4.2.1.jar:/home/maciek/.m2/repository/org/hamcrest/hamcrest/2.2/hamcrest-2.2.jar:"/>
    <property name="sun.cpu.endian" value="little"/>
    <property name="user.home" value="/home/maciek"/>
    <property name="user.language" value="en"/>
    <property name="jboss.log-version" value="false"/>
    <property name="java.specification.vendor" value="Oracle Corporation"/>
    <property name="io.netty.allocator.maxOrder" value="3"/>
    <property name="java.version.date" value="2024-04-16"/>
    <property name="java.home" value="/usr/lib/jvm/java-21-openjdk-21.0.3.0.9-1.fc39.x86_64"/>
    <property name="file.separator" value="/"/>
    <property name="basedir" value="/home/maciek/Projects/erp/libs/widget-startup/deployment"/>
    <property name="maven.repo" value="/home/maciek/.m2/repository"/>
    <property name="java.vm.compressedOopsMode" value="Zero based"/>
    <property name="line.separator" value="&#10;"/>
    <property name="java.vm.specification.vendor" value="Oracle Corporation"/>
    <property name="java.specification.name" value="Java Platform API Specification"/>
    <property name="java.nio.channels.DefaultThreadPool.threadFactory" value="io.quarkus.dev.io.NioThreadPoolThreadFactory"/>
    <property name="surefire.real.class.path" value="/home/maciek/Projects/erp/libs/widget-startup/deployment/target/surefire/surefirebooter-20240704190620198_3.jar"/>
    <property name="sun.management.compiler" value="HotSpot 64-Bit Tiered Compilers"/>
    <property name="java.runtime.version" value="21.0.3+9"/>
    <property name="user.name" value="maciek"/>
    <property name="stdout.encoding" value="UTF-8"/>
    <property name="path.separator" value=":"/>
    <property name="os.version" value="6.9.6-100.fc39.x86_64"/>
    <property name="java.runtime.name" value="OpenJDK Runtime Environment"/>
    <property name="file.encoding" value="UTF-8"/>
    <property name="java.vm.name" value="OpenJDK 64-Bit Server VM"/>
    <property name="java.vendor.version" value="(Red_Hat-21.0.3.0.9-1)"/>
    <property name="localRepository" value="/home/maciek/.m2/repository"/>
    <property name="java.vendor.url.bug" value="https://bugzilla.redhat.com/enter_bug.cgi?product=Fedora&amp;component=java-21-openjdk&amp;version=38"/>
    <property name="java.io.tmpdir" value="/tmp"/>
    <property name="quarkus.log.file.path" value="target/quarkus.log"/>
    <property name="java.version" value="21.0.3"/>
    <property name="java.util.concurrent.ForkJoinPool.common.threadFactory" value="io.quarkus.bootstrap.forkjoin.QuarkusForkJoinWorkerThreadFactory"/>
    <property name="user.dir" value="/home/maciek/Projects/erp/libs/widget-startup/deployment"/>
    <property name="os.arch" value="amd64"/>
    <property name="java.vm.specification.name" value="Java Virtual Machine Specification"/>
    <property name="vertx.disableDnsResolver" value="true"/>
    <property name="native.encoding" value="UTF-8"/>
    <property name="java.util.logging.manager" value="org.jboss.logmanager.LogManager"/>
    <property name="java.library.path" value="/usr/java/packages/lib:/usr/lib64:/lib64:/lib:/usr/lib"/>
    <property name="java.vm.info" value="mixed mode, sharing"/>
    <property name="stderr.encoding" value="UTF-8"/>
    <property name="java.vendor" value="Red Hat, Inc."/>
    <property name="vertx.disableTCCL" value="true"/>
    <property name="java.vm.version" value="21.0.3+9"/>
    <property name="sun.io.unicode.encoding" value="UnicodeLittle"/>
    <property name="io.netty.machineId" value="5c:67:35:b0:44:0a:0f:ee"/>
    <property name="java.class.version" value="65.0"/>
  </properties>
  <testcase name="writeYourOwnDevModeTest" classname="com.soitio.widgets.startup.test.WidgetStartupDevModeTest" time="3.439">
    <system-out><![CDATA[&amp#27;[94mTests paused&amp#27;[39m
2024-07-04 19:06:20,692 WARN  [io.qua.boo.BootstrapAppModelFactory] (main) Expected project directory /tmp/quarkus-dev-mode-test15505416860240496099 does not match current project directory /home/maciek/Projects/erp/libs/widget-startup/deployment
__  ____  __  _____   ___  __ ____  ______ 
 --/ __ \/ / / / _ | / _ \/ //_/ / / / __/ 
 -/ /_/ / /_/ / __ |/ , _/ ,< / /_/ /\ \   
--\___\_\____/_/ |_/_/|_/_/|_|\____/___/   
2024-07-04 19:06:23,975 INFO  [io.quarkus] (Quarkus Main Thread) widget-startup-deployment 1.0.0-SNAPSHOT on JVM (powered by Quarkus 3.12.0) started in 1.483s. 
2024-07-04 19:06:23,976 INFO  [io.quarkus] (Quarkus Main Thread) Profile dev activated. Live Coding activated.
2024-07-04 19:06:23,976 INFO  [io.quarkus] (Quarkus Main Thread) Installed features: [cdi, rest-client, rest-client-jackson, smallrye-context-propagation, vertx, widget-startup]
2024-07-04 19:06:23,988 INFO  [io.quarkus] (Quarkus Main Thread) widget-startup-deployment stopped in 0.003s
]]></system-out>
  </testcase>
</testsuite>